                                 Started job on |	Feb 25 14:28:53
                             Started mapping on |	Feb 25 14:29:21
                                    Finished on |	Feb 25 14:38:44
       Mapping speed, Million of reads per hour |	169.72

                          Number of input reads |	26542023
                      Average input read length |	295
                                    UNIQUE READS:
                   Uniquely mapped reads number |	23529566
                        Uniquely mapped reads % |	88.65%
                          Average mapped length |	294.60
                       Number of splices: Total |	22390387
            Number of splices: Annotated (sjdb) |	1385545
                       Number of splices: GT/AG |	22242722
                       Number of splices: GC/AG |	120798
                       Number of splices: AT/AC |	7523
               Number of splices: Non-canonical |	19344
                      Mismatch rate per base, % |	0.13%
                         Deletion rate per base |	0.01%
                        Deletion average length |	1.77
                        Insertion rate per base |	0.01%
                       Insertion average length |	1.44
                             MULTI-MAPPING READS:
        Number of reads mapped to multiple loci |	2057460
             % of reads mapped to multiple loci |	7.75%
        Number of reads mapped to too many loci |	50464
             % of reads mapped to too many loci |	0.19%
                                  UNMAPPED READS:
  Number of reads unmapped: too many mismatches |	0
       % of reads unmapped: too many mismatches |	0.00%
            Number of reads unmapped: too short |	339186
                 % of reads unmapped: too short |	1.28%
                Number of reads unmapped: other |	565347
                     % of reads unmapped: other |	2.13%
                                  CHIMERIC READS:
                       Number of chimeric reads |	0
                            % of chimeric reads |	0.00%
