                                 Started job on |	Feb 25 14:28:53
                             Started mapping on |	Feb 25 14:29:29
                                    Finished on |	Feb 25 14:36:06
       Mapping speed, Million of reads per hour |	190.92

                          Number of input reads |	21053790
                      Average input read length |	296
                                    UNIQUE READS:
                   Uniquely mapped reads number |	18817257
                        Uniquely mapped reads % |	89.38%
                          Average mapped length |	294.86
                       Number of splices: Total |	18748537
            Number of splices: Annotated (sjdb) |	1116020
                       Number of splices: GT/AG |	18618881
                       Number of splices: GC/AG |	105351
                       Number of splices: AT/AC |	6505
               Number of splices: Non-canonical |	17800
                      Mismatch rate per base, % |	0.12%
                         Deletion rate per base |	0.01%
                        Deletion average length |	2.09
                        Insertion rate per base |	0.01%
                       Insertion average length |	1.56
                             MULTI-MAPPING READS:
        Number of reads mapped to multiple loci |	1403420
             % of reads mapped to multiple loci |	6.67%
        Number of reads mapped to too many loci |	33008
             % of reads mapped to too many loci |	0.16%
                                  UNMAPPED READS:
  Number of reads unmapped: too many mismatches |	0
       % of reads unmapped: too many mismatches |	0.00%
            Number of reads unmapped: too short |	390574
                 % of reads unmapped: too short |	1.86%
                Number of reads unmapped: other |	409531
                     % of reads unmapped: other |	1.95%
                                  CHIMERIC READS:
                       Number of chimeric reads |	0
                            % of chimeric reads |	0.00%
