                                 Started job on |	Feb 25 14:28:53
                             Started mapping on |	Feb 25 14:29:32
                                    Finished on |	Feb 25 14:37:41
       Mapping speed, Million of reads per hour |	161.64

                          Number of input reads |	21955565
                      Average input read length |	296
                                    UNIQUE READS:
                   Uniquely mapped reads number |	18684469
                        Uniquely mapped reads % |	85.10%
                          Average mapped length |	294.72
                       Number of splices: Total |	17879702
            Number of splices: Annotated (sjdb) |	1347791
                       Number of splices: GT/AG |	17760013
                       Number of splices: GC/AG |	97049
                       Number of splices: AT/AC |	6039
               Number of splices: Non-canonical |	16601
                      Mismatch rate per base, % |	0.12%
                         Deletion rate per base |	0.01%
                        Deletion average length |	1.91
                        Insertion rate per base |	0.01%
                       Insertion average length |	1.52
                             MULTI-MAPPING READS:
        Number of reads mapped to multiple loci |	1640689
             % of reads mapped to multiple loci |	7.47%
        Number of reads mapped to too many loci |	37477
             % of reads mapped to too many loci |	0.17%
                                  UNMAPPED READS:
  Number of reads unmapped: too many mismatches |	0
       % of reads unmapped: too many mismatches |	0.00%
            Number of reads unmapped: too short |	412566
                 % of reads unmapped: too short |	1.88%
                Number of reads unmapped: other |	1180364
                     % of reads unmapped: other |	5.38%
                                  CHIMERIC READS:
                       Number of chimeric reads |	0
                            % of chimeric reads |	0.00%
