                                 Started job on |	Feb 25 14:28:52
                             Started mapping on |	Feb 25 14:29:25
                                    Finished on |	Feb 25 14:38:00
       Mapping speed, Million of reads per hour |	166.22

                          Number of input reads |	23778095
                      Average input read length |	295
                                    UNIQUE READS:
                   Uniquely mapped reads number |	20427970
                        Uniquely mapped reads % |	85.91%
                          Average mapped length |	294.35
                       Number of splices: Total |	18802454
            Number of splices: Annotated (sjdb) |	1429742
                       Number of splices: GT/AG |	18674960
                       Number of splices: GC/AG |	103495
                       Number of splices: AT/AC |	6761
               Number of splices: Non-canonical |	17238
                      Mismatch rate per base, % |	0.12%
                         Deletion rate per base |	0.01%
                        Deletion average length |	1.93
                        Insertion rate per base |	0.01%
                       Insertion average length |	1.52
                             MULTI-MAPPING READS:
        Number of reads mapped to multiple loci |	1759974
             % of reads mapped to multiple loci |	7.40%
        Number of reads mapped to too many loci |	48333
             % of reads mapped to too many loci |	0.20%
                                  UNMAPPED READS:
  Number of reads unmapped: too many mismatches |	0
       % of reads unmapped: too many mismatches |	0.00%
            Number of reads unmapped: too short |	474280
                 % of reads unmapped: too short |	1.99%
                Number of reads unmapped: other |	1067538
                     % of reads unmapped: other |	4.49%
                                  CHIMERIC READS:
                       Number of chimeric reads |	0
                            % of chimeric reads |	0.00%
