                                 Started job on |	Feb 25 14:28:53
                             Started mapping on |	Feb 25 14:29:31
                                    Finished on |	Feb 25 14:36:55
       Mapping speed, Million of reads per hour |	172.20

                          Number of input reads |	21238045
                      Average input read length |	295
                                    UNIQUE READS:
                   Uniquely mapped reads number |	18786624
                        Uniquely mapped reads % |	88.46%
                          Average mapped length |	294.68
                       Number of splices: Total |	18263235
            Number of splices: Annotated (sjdb) |	1197542
                       Number of splices: GT/AG |	18140524
                       Number of splices: GC/AG |	100725
                       Number of splices: AT/AC |	6286
               Number of splices: Non-canonical |	15700
                      Mismatch rate per base, % |	0.12%
                         Deletion rate per base |	0.01%
                        Deletion average length |	1.99
                        Insertion rate per base |	0.01%
                       Insertion average length |	1.52
                             MULTI-MAPPING READS:
        Number of reads mapped to multiple loci |	1598651
             % of reads mapped to multiple loci |	7.53%
        Number of reads mapped to too many loci |	32995
             % of reads mapped to too many loci |	0.16%
                                  UNMAPPED READS:
  Number of reads unmapped: too many mismatches |	0
       % of reads unmapped: too many mismatches |	0.00%
            Number of reads unmapped: too short |	396691
                 % of reads unmapped: too short |	1.87%
                Number of reads unmapped: other |	423084
                     % of reads unmapped: other |	1.99%
                                  CHIMERIC READS:
                       Number of chimeric reads |	0
                            % of chimeric reads |	0.00%
