                                 Started job on |	Feb 25 14:28:52
                             Started mapping on |	Feb 25 14:29:25
                                    Finished on |	Feb 25 14:39:15
       Mapping speed, Million of reads per hour |	154.53

                          Number of input reads |	25325306
                      Average input read length |	296
                                    UNIQUE READS:
                   Uniquely mapped reads number |	21871186
                        Uniquely mapped reads % |	86.36%
                          Average mapped length |	295.15
                       Number of splices: Total |	21015954
            Number of splices: Annotated (sjdb) |	1538330
                       Number of splices: GT/AG |	20872099
                       Number of splices: GC/AG |	118294
                       Number of splices: AT/AC |	7387
               Number of splices: Non-canonical |	18174
                      Mismatch rate per base, % |	0.14%
                         Deletion rate per base |	0.01%
                        Deletion average length |	2.04
                        Insertion rate per base |	0.01%
                       Insertion average length |	1.50
                             MULTI-MAPPING READS:
        Number of reads mapped to multiple loci |	1933437
             % of reads mapped to multiple loci |	7.63%
        Number of reads mapped to too many loci |	46700
             % of reads mapped to too many loci |	0.18%
                                  UNMAPPED READS:
  Number of reads unmapped: too many mismatches |	0
       % of reads unmapped: too many mismatches |	0.00%
            Number of reads unmapped: too short |	432497
                 % of reads unmapped: too short |	1.71%
                Number of reads unmapped: other |	1041486
                     % of reads unmapped: other |	4.11%
                                  CHIMERIC READS:
                       Number of chimeric reads |	0
                            % of chimeric reads |	0.00%
