                                 Started job on |	Feb 25 14:28:53
                             Started mapping on |	Feb 25 14:29:26
                                    Finished on |	Feb 25 14:37:06
       Mapping speed, Million of reads per hour |	172.36

                          Number of input reads |	22023215
                      Average input read length |	296
                                    UNIQUE READS:
                   Uniquely mapped reads number |	18953224
                        Uniquely mapped reads % |	86.06%
                          Average mapped length |	294.77
                       Number of splices: Total |	17977049
            Number of splices: Annotated (sjdb) |	1259065
                       Number of splices: GT/AG |	17855194
                       Number of splices: GC/AG |	100473
                       Number of splices: AT/AC |	6509
               Number of splices: Non-canonical |	14873
                      Mismatch rate per base, % |	0.12%
                         Deletion rate per base |	0.01%
                        Deletion average length |	1.93
                        Insertion rate per base |	0.01%
                       Insertion average length |	1.52
                             MULTI-MAPPING READS:
        Number of reads mapped to multiple loci |	1785913
             % of reads mapped to multiple loci |	8.11%
        Number of reads mapped to too many loci |	43021
             % of reads mapped to too many loci |	0.20%
                                  UNMAPPED READS:
  Number of reads unmapped: too many mismatches |	0
       % of reads unmapped: too many mismatches |	0.00%
            Number of reads unmapped: too short |	442517
                 % of reads unmapped: too short |	2.01%
                Number of reads unmapped: other |	798540
                     % of reads unmapped: other |	3.63%
                                  CHIMERIC READS:
                       Number of chimeric reads |	0
                            % of chimeric reads |	0.00%
