                                 Started job on |	Feb 25 14:28:53
                             Started mapping on |	Feb 25 14:29:22
                                    Finished on |	Feb 25 14:36:55
       Mapping speed, Million of reads per hour |	183.87

                          Number of input reads |	23136519
                      Average input read length |	295
                                    UNIQUE READS:
                   Uniquely mapped reads number |	20273904
                        Uniquely mapped reads % |	87.63%
                          Average mapped length |	294.66
                       Number of splices: Total |	18800383
            Number of splices: Annotated (sjdb) |	1173541
                       Number of splices: GT/AG |	18670727
                       Number of splices: GC/AG |	106648
                       Number of splices: AT/AC |	6648
               Number of splices: Non-canonical |	16360
                      Mismatch rate per base, % |	0.12%
                         Deletion rate per base |	0.01%
                        Deletion average length |	1.95
                        Insertion rate per base |	0.01%
                       Insertion average length |	1.51
                             MULTI-MAPPING READS:
        Number of reads mapped to multiple loci |	1821053
             % of reads mapped to multiple loci |	7.87%
        Number of reads mapped to too many loci |	46315
             % of reads mapped to too many loci |	0.20%
                                  UNMAPPED READS:
  Number of reads unmapped: too many mismatches |	0
       % of reads unmapped: too many mismatches |	0.00%
            Number of reads unmapped: too short |	451278
                 % of reads unmapped: too short |	1.95%
                Number of reads unmapped: other |	543969
                     % of reads unmapped: other |	2.35%
                                  CHIMERIC READS:
                       Number of chimeric reads |	0
                            % of chimeric reads |	0.00%
