                                 Started job on |	Feb 25 14:28:53
                             Started mapping on |	Feb 25 14:29:25
                                    Finished on |	Feb 25 14:37:16
       Mapping speed, Million of reads per hour |	161.30

                          Number of input reads |	21103607
                      Average input read length |	295
                                    UNIQUE READS:
                   Uniquely mapped reads number |	18278974
                        Uniquely mapped reads % |	86.62%
                          Average mapped length |	294.42
                       Number of splices: Total |	17244763
            Number of splices: Annotated (sjdb) |	1157255
                       Number of splices: GT/AG |	17120276
                       Number of splices: GC/AG |	100249
                       Number of splices: AT/AC |	6368
               Number of splices: Non-canonical |	17870
                      Mismatch rate per base, % |	0.13%
                         Deletion rate per base |	0.01%
                        Deletion average length |	2.18
                        Insertion rate per base |	0.01%
                       Insertion average length |	1.61
                             MULTI-MAPPING READS:
        Number of reads mapped to multiple loci |	1524381
             % of reads mapped to multiple loci |	7.22%
        Number of reads mapped to too many loci |	42213
             % of reads mapped to too many loci |	0.20%
                                  UNMAPPED READS:
  Number of reads unmapped: too many mismatches |	0
       % of reads unmapped: too many mismatches |	0.00%
            Number of reads unmapped: too short |	457684
                 % of reads unmapped: too short |	2.17%
                Number of reads unmapped: other |	800355
                     % of reads unmapped: other |	3.79%
                                  CHIMERIC READS:
                       Number of chimeric reads |	0
                            % of chimeric reads |	0.00%
