                                 Started job on |	Feb 25 14:28:53
                             Started mapping on |	Feb 25 14:29:26
                                    Finished on |	Feb 25 14:37:09
       Mapping speed, Million of reads per hour |	169.66

                          Number of input reads |	21820698
                      Average input read length |	295
                                    UNIQUE READS:
                   Uniquely mapped reads number |	18963586
                        Uniquely mapped reads % |	86.91%
                          Average mapped length |	294.51
                       Number of splices: Total |	17986408
            Number of splices: Annotated (sjdb) |	1107139
                       Number of splices: GT/AG |	17859466
                       Number of splices: GC/AG |	101656
                       Number of splices: AT/AC |	6745
               Number of splices: Non-canonical |	18541
                      Mismatch rate per base, % |	0.13%
                         Deletion rate per base |	0.01%
                        Deletion average length |	2.01
                        Insertion rate per base |	0.01%
                       Insertion average length |	1.64
                             MULTI-MAPPING READS:
        Number of reads mapped to multiple loci |	1619747
             % of reads mapped to multiple loci |	7.42%
        Number of reads mapped to too many loci |	42207
             % of reads mapped to too many loci |	0.19%
                                  UNMAPPED READS:
  Number of reads unmapped: too many mismatches |	0
       % of reads unmapped: too many mismatches |	0.00%
            Number of reads unmapped: too short |	483845
                 % of reads unmapped: too short |	2.22%
                Number of reads unmapped: other |	711313
                     % of reads unmapped: other |	3.26%
                                  CHIMERIC READS:
                       Number of chimeric reads |	0
                            % of chimeric reads |	0.00%
