                                 Started job on |	Feb 25 14:28:53
                             Started mapping on |	Feb 25 14:29:24
                                    Finished on |	Feb 25 14:37:04
       Mapping speed, Million of reads per hour |	161.86

                          Number of input reads |	20681644
                      Average input read length |	295
                                    UNIQUE READS:
                   Uniquely mapped reads number |	17795869
                        Uniquely mapped reads % |	86.05%
                          Average mapped length |	294.37
                       Number of splices: Total |	16294962
            Number of splices: Annotated (sjdb) |	1090014
                       Number of splices: GT/AG |	16180576
                       Number of splices: GC/AG |	92311
                       Number of splices: AT/AC |	6021
               Number of splices: Non-canonical |	16054
                      Mismatch rate per base, % |	0.13%
                         Deletion rate per base |	0.01%
                        Deletion average length |	2.10
                        Insertion rate per base |	0.01%
                       Insertion average length |	1.49
                             MULTI-MAPPING READS:
        Number of reads mapped to multiple loci |	1601990
             % of reads mapped to multiple loci |	7.75%
        Number of reads mapped to too many loci |	38027
             % of reads mapped to too many loci |	0.18%
                                  UNMAPPED READS:
  Number of reads unmapped: too many mismatches |	0
       % of reads unmapped: too many mismatches |	0.00%
            Number of reads unmapped: too short |	428113
                 % of reads unmapped: too short |	2.07%
                Number of reads unmapped: other |	817645
                     % of reads unmapped: other |	3.95%
                                  CHIMERIC READS:
                       Number of chimeric reads |	0
                            % of chimeric reads |	0.00%
