                                 Started job on |	Feb 25 14:28:53
                             Started mapping on |	Feb 25 14:29:29
                                    Finished on |	Feb 25 14:37:04
       Mapping speed, Million of reads per hour |	193.19

                          Number of input reads |	24416650
                      Average input read length |	295
                                    UNIQUE READS:
                   Uniquely mapped reads number |	21660995
                        Uniquely mapped reads % |	88.71%
                          Average mapped length |	294.31
                       Number of splices: Total |	20726257
            Number of splices: Annotated (sjdb) |	1118936
                       Number of splices: GT/AG |	20582115
                       Number of splices: GC/AG |	116329
                       Number of splices: AT/AC |	7782
               Number of splices: Non-canonical |	20031
                      Mismatch rate per base, % |	0.13%
                         Deletion rate per base |	0.01%
                        Deletion average length |	1.83
                        Insertion rate per base |	0.01%
                       Insertion average length |	1.51
                             MULTI-MAPPING READS:
        Number of reads mapped to multiple loci |	1848171
             % of reads mapped to multiple loci |	7.57%
        Number of reads mapped to too many loci |	49826
             % of reads mapped to too many loci |	0.20%
                                  UNMAPPED READS:
  Number of reads unmapped: too many mismatches |	0
       % of reads unmapped: too many mismatches |	0.00%
            Number of reads unmapped: too short |	469382
                 % of reads unmapped: too short |	1.92%
                Number of reads unmapped: other |	388276
                     % of reads unmapped: other |	1.59%
                                  CHIMERIC READS:
                       Number of chimeric reads |	0
                            % of chimeric reads |	0.00%
