                                 Started job on |	Feb 25 14:28:53
                             Started mapping on |	Feb 25 14:29:30
                                    Finished on |	Feb 25 14:38:06
       Mapping speed, Million of reads per hour |	154.28

                          Number of input reads |	22113427
                      Average input read length |	296
                                    UNIQUE READS:
                   Uniquely mapped reads number |	19544778
                        Uniquely mapped reads % |	88.38%
                          Average mapped length |	294.78
                       Number of splices: Total |	16405124
            Number of splices: Annotated (sjdb) |	587238
                       Number of splices: GT/AG |	16263526
                       Number of splices: GC/AG |	108519
                       Number of splices: AT/AC |	8981
               Number of splices: Non-canonical |	24098
                      Mismatch rate per base, % |	0.19%
                         Deletion rate per base |	0.02%
                        Deletion average length |	1.70
                        Insertion rate per base |	0.01%
                       Insertion average length |	1.62
                             MULTI-MAPPING READS:
        Number of reads mapped to multiple loci |	2021675
             % of reads mapped to multiple loci |	9.14%
        Number of reads mapped to too many loci |	47552
             % of reads mapped to too many loci |	0.22%
                                  UNMAPPED READS:
  Number of reads unmapped: too many mismatches |	0
       % of reads unmapped: too many mismatches |	0.00%
            Number of reads unmapped: too short |	484340
                 % of reads unmapped: too short |	2.19%
                Number of reads unmapped: other |	15082
                     % of reads unmapped: other |	0.07%
                                  CHIMERIC READS:
                       Number of chimeric reads |	0
                            % of chimeric reads |	0.00%
