                                 Started job on |	Feb 25 14:28:53
                             Started mapping on |	Feb 25 14:29:30
                                    Finished on |	Feb 25 14:38:24
       Mapping speed, Million of reads per hour |	138.60

                          Number of input reads |	20558828
                      Average input read length |	295
                                    UNIQUE READS:
                   Uniquely mapped reads number |	18038113
                        Uniquely mapped reads % |	87.74%
                          Average mapped length |	294.09
                       Number of splices: Total |	17694754
            Number of splices: Annotated (sjdb) |	1147247
                       Number of splices: GT/AG |	17575520
                       Number of splices: GC/AG |	98460
                       Number of splices: AT/AC |	5916
               Number of splices: Non-canonical |	14858
                      Mismatch rate per base, % |	0.13%
                         Deletion rate per base |	0.01%
                        Deletion average length |	1.87
                        Insertion rate per base |	0.01%
                       Insertion average length |	1.61
                             MULTI-MAPPING READS:
        Number of reads mapped to multiple loci |	1560844
             % of reads mapped to multiple loci |	7.59%
        Number of reads mapped to too many loci |	44079
             % of reads mapped to too many loci |	0.21%
                                  UNMAPPED READS:
  Number of reads unmapped: too many mismatches |	0
       % of reads unmapped: too many mismatches |	0.00%
            Number of reads unmapped: too short |	455100
                 % of reads unmapped: too short |	2.21%
                Number of reads unmapped: other |	460692
                     % of reads unmapped: other |	2.24%
                                  CHIMERIC READS:
                       Number of chimeric reads |	0
                            % of chimeric reads |	0.00%
