                                 Started job on |	Feb 25 14:28:53
                             Started mapping on |	Feb 25 14:29:26
                                    Finished on |	Feb 25 14:38:13
       Mapping speed, Million of reads per hour |	167.56

                          Number of input reads |	24529045
                      Average input read length |	296
                                    UNIQUE READS:
                   Uniquely mapped reads number |	21297123
                        Uniquely mapped reads % |	86.82%
                          Average mapped length |	294.92
                       Number of splices: Total |	20391019
            Number of splices: Annotated (sjdb) |	1360890
                       Number of splices: GT/AG |	20251897
                       Number of splices: GC/AG |	113172
                       Number of splices: AT/AC |	6928
               Number of splices: Non-canonical |	19022
                      Mismatch rate per base, % |	0.12%
                         Deletion rate per base |	0.01%
                        Deletion average length |	1.88
                        Insertion rate per base |	0.01%
                       Insertion average length |	1.53
                             MULTI-MAPPING READS:
        Number of reads mapped to multiple loci |	1789216
             % of reads mapped to multiple loci |	7.29%
        Number of reads mapped to too many loci |	54792
             % of reads mapped to too many loci |	0.22%
                                  UNMAPPED READS:
  Number of reads unmapped: too many mismatches |	0
       % of reads unmapped: too many mismatches |	0.00%
            Number of reads unmapped: too short |	451286
                 % of reads unmapped: too short |	1.84%
                Number of reads unmapped: other |	936628
                     % of reads unmapped: other |	3.82%
                                  CHIMERIC READS:
                       Number of chimeric reads |	0
                            % of chimeric reads |	0.00%
