                                 Started job on |	Feb 25 14:28:53
                             Started mapping on |	Feb 25 14:29:28
                                    Finished on |	Feb 25 14:36:14
       Mapping speed, Million of reads per hour |	189.60

                          Number of input reads |	21382387
                      Average input read length |	295
                                    UNIQUE READS:
                   Uniquely mapped reads number |	18788243
                        Uniquely mapped reads % |	87.87%
                          Average mapped length |	294.52
                       Number of splices: Total |	19519206
            Number of splices: Annotated (sjdb) |	1306529
                       Number of splices: GT/AG |	19388306
                       Number of splices: GC/AG |	108971
                       Number of splices: AT/AC |	6542
               Number of splices: Non-canonical |	15387
                      Mismatch rate per base, % |	0.12%
                         Deletion rate per base |	0.01%
                        Deletion average length |	1.87
                        Insertion rate per base |	0.01%
                       Insertion average length |	1.48
                             MULTI-MAPPING READS:
        Number of reads mapped to multiple loci |	1596313
             % of reads mapped to multiple loci |	7.47%
        Number of reads mapped to too many loci |	42063
             % of reads mapped to too many loci |	0.20%
                                  UNMAPPED READS:
  Number of reads unmapped: too many mismatches |	0
       % of reads unmapped: too many mismatches |	0.00%
            Number of reads unmapped: too short |	479561
                 % of reads unmapped: too short |	2.24%
                Number of reads unmapped: other |	476207
                     % of reads unmapped: other |	2.23%
                                  CHIMERIC READS:
                       Number of chimeric reads |	0
                            % of chimeric reads |	0.00%
