                                 Started job on |	Feb 25 14:28:53
                             Started mapping on |	Feb 25 14:29:24
                                    Finished on |	Feb 25 14:36:43
       Mapping speed, Million of reads per hour |	165.68

                          Number of input reads |	20204034
                      Average input read length |	296
                                    UNIQUE READS:
                   Uniquely mapped reads number |	17565500
                        Uniquely mapped reads % |	86.94%
                          Average mapped length |	295.19
                       Number of splices: Total |	18195074
            Number of splices: Annotated (sjdb) |	1303125
                       Number of splices: GT/AG |	18072966
                       Number of splices: GC/AG |	101484
                       Number of splices: AT/AC |	6558
               Number of splices: Non-canonical |	14066
                      Mismatch rate per base, % |	0.12%
                         Deletion rate per base |	0.01%
                        Deletion average length |	1.89
                        Insertion rate per base |	0.01%
                       Insertion average length |	1.53
                             MULTI-MAPPING READS:
        Number of reads mapped to multiple loci |	1558038
             % of reads mapped to multiple loci |	7.71%
        Number of reads mapped to too many loci |	36974
             % of reads mapped to too many loci |	0.18%
                                  UNMAPPED READS:
  Number of reads unmapped: too many mismatches |	0
       % of reads unmapped: too many mismatches |	0.00%
            Number of reads unmapped: too short |	365983
                 % of reads unmapped: too short |	1.81%
                Number of reads unmapped: other |	677539
                     % of reads unmapped: other |	3.35%
                                  CHIMERIC READS:
                       Number of chimeric reads |	0
                            % of chimeric reads |	0.00%
