                                 Started job on |	Feb 25 14:29:05
                             Started mapping on |	Feb 25 14:29:35
                                    Finished on |	Feb 25 14:38:18
       Mapping speed, Million of reads per hour |	179.67

                          Number of input reads |	26101793
                      Average input read length |	296
                                    UNIQUE READS:
                   Uniquely mapped reads number |	22579620
                        Uniquely mapped reads % |	86.51%
                          Average mapped length |	295.25
                       Number of splices: Total |	21771911
            Number of splices: Annotated (sjdb) |	1435457
                       Number of splices: GT/AG |	21619756
                       Number of splices: GC/AG |	125858
                       Number of splices: AT/AC |	7771
               Number of splices: Non-canonical |	18526
                      Mismatch rate per base, % |	0.11%
                         Deletion rate per base |	0.01%
                        Deletion average length |	2.24
                        Insertion rate per base |	0.01%
                       Insertion average length |	1.55
                             MULTI-MAPPING READS:
        Number of reads mapped to multiple loci |	2017837
             % of reads mapped to multiple loci |	7.73%
        Number of reads mapped to too many loci |	59486
             % of reads mapped to too many loci |	0.23%
                                  UNMAPPED READS:
  Number of reads unmapped: too many mismatches |	0
       % of reads unmapped: too many mismatches |	0.00%
            Number of reads unmapped: too short |	563165
                 % of reads unmapped: too short |	2.16%
                Number of reads unmapped: other |	881685
                     % of reads unmapped: other |	3.38%
                                  CHIMERIC READS:
                       Number of chimeric reads |	0
                            % of chimeric reads |	0.00%
