                                 Started job on |	Feb 25 14:29:05
                             Started mapping on |	Feb 25 14:29:33
                                    Finished on |	Feb 25 14:39:14
       Mapping speed, Million of reads per hour |	168.10

                          Number of input reads |	27128713
                      Average input read length |	296
                                    UNIQUE READS:
                   Uniquely mapped reads number |	23291412
                        Uniquely mapped reads % |	85.86%
                          Average mapped length |	294.94
                       Number of splices: Total |	23073807
            Number of splices: Annotated (sjdb) |	1678868
                       Number of splices: GT/AG |	22913382
                       Number of splices: GC/AG |	133532
                       Number of splices: AT/AC |	8241
               Number of splices: Non-canonical |	18652
                      Mismatch rate per base, % |	0.13%
                         Deletion rate per base |	0.01%
                        Deletion average length |	1.91
                        Insertion rate per base |	0.01%
                       Insertion average length |	1.61
                             MULTI-MAPPING READS:
        Number of reads mapped to multiple loci |	2128478
             % of reads mapped to multiple loci |	7.85%
        Number of reads mapped to too many loci |	52883
             % of reads mapped to too many loci |	0.19%
                                  UNMAPPED READS:
  Number of reads unmapped: too many mismatches |	0
       % of reads unmapped: too many mismatches |	0.00%
            Number of reads unmapped: too short |	573936
                 % of reads unmapped: too short |	2.12%
                Number of reads unmapped: other |	1082004
                     % of reads unmapped: other |	3.99%
                                  CHIMERIC READS:
                       Number of chimeric reads |	0
                            % of chimeric reads |	0.00%
