                                 Started job on |	Feb 25 14:29:05
                             Started mapping on |	Feb 25 14:29:34
                                    Finished on |	Feb 25 14:37:23
       Mapping speed, Million of reads per hour |	176.43

                          Number of input reads |	22984692
                      Average input read length |	296
                                    UNIQUE READS:
                   Uniquely mapped reads number |	19995776
                        Uniquely mapped reads % |	87.00%
                          Average mapped length |	294.73
                       Number of splices: Total |	18916432
            Number of splices: Annotated (sjdb) |	1190788
                       Number of splices: GT/AG |	18784800
                       Number of splices: GC/AG |	107960
                       Number of splices: AT/AC |	6978
               Number of splices: Non-canonical |	16694
                      Mismatch rate per base, % |	0.12%
                         Deletion rate per base |	0.01%
                        Deletion average length |	2.01
                        Insertion rate per base |	0.01%
                       Insertion average length |	1.59
                             MULTI-MAPPING READS:
        Number of reads mapped to multiple loci |	1678825
             % of reads mapped to multiple loci |	7.30%
        Number of reads mapped to too many loci |	44846
             % of reads mapped to too many loci |	0.20%
                                  UNMAPPED READS:
  Number of reads unmapped: too many mismatches |	0
       % of reads unmapped: too many mismatches |	0.00%
            Number of reads unmapped: too short |	559339
                 % of reads unmapped: too short |	2.43%
                Number of reads unmapped: other |	705906
                     % of reads unmapped: other |	3.07%
                                  CHIMERIC READS:
                       Number of chimeric reads |	0
                            % of chimeric reads |	0.00%
