                                 Started job on |	Feb 25 14:29:05
                             Started mapping on |	Feb 25 14:29:35
                                    Finished on |	Feb 25 14:38:17
       Mapping speed, Million of reads per hour |	163.55

                          Number of input reads |	23714293
                      Average input read length |	296
                                    UNIQUE READS:
                   Uniquely mapped reads number |	20391420
                        Uniquely mapped reads % |	85.99%
                          Average mapped length |	294.85
                       Number of splices: Total |	19960354
            Number of splices: Annotated (sjdb) |	1377820
                       Number of splices: GT/AG |	19820039
                       Number of splices: GC/AG |	114961
                       Number of splices: AT/AC |	7322
               Number of splices: Non-canonical |	18032
                      Mismatch rate per base, % |	0.13%
                         Deletion rate per base |	0.01%
                        Deletion average length |	2.16
                        Insertion rate per base |	0.01%
                       Insertion average length |	1.70
                             MULTI-MAPPING READS:
        Number of reads mapped to multiple loci |	1758014
             % of reads mapped to multiple loci |	7.41%
        Number of reads mapped to too many loci |	48291
             % of reads mapped to too many loci |	0.20%
                                  UNMAPPED READS:
  Number of reads unmapped: too many mismatches |	0
       % of reads unmapped: too many mismatches |	0.00%
            Number of reads unmapped: too short |	573005
                 % of reads unmapped: too short |	2.42%
                Number of reads unmapped: other |	943563
                     % of reads unmapped: other |	3.98%
                                  CHIMERIC READS:
                       Number of chimeric reads |	0
                            % of chimeric reads |	0.00%
