                                 Started job on |	Feb 25 14:29:05
                             Started mapping on |	Feb 25 14:29:33
                                    Finished on |	Feb 25 14:36:42
       Mapping speed, Million of reads per hour |	185.35

                          Number of input reads |	22087778
                      Average input read length |	296
                                    UNIQUE READS:
                   Uniquely mapped reads number |	19560477
                        Uniquely mapped reads % |	88.56%
                          Average mapped length |	294.78
                       Number of splices: Total |	19819937
            Number of splices: Annotated (sjdb) |	1189726
                       Number of splices: GT/AG |	19680725
                       Number of splices: GC/AG |	114256
                       Number of splices: AT/AC |	7276
               Number of splices: Non-canonical |	17680
                      Mismatch rate per base, % |	0.13%
                         Deletion rate per base |	0.01%
                        Deletion average length |	2.09
                        Insertion rate per base |	0.01%
                       Insertion average length |	1.63
                             MULTI-MAPPING READS:
        Number of reads mapped to multiple loci |	1520223
             % of reads mapped to multiple loci |	6.88%
        Number of reads mapped to too many loci |	48386
             % of reads mapped to too many loci |	0.22%
                                  UNMAPPED READS:
  Number of reads unmapped: too many mismatches |	0
       % of reads unmapped: too many mismatches |	0.00%
            Number of reads unmapped: too short |	474916
                 % of reads unmapped: too short |	2.15%
                Number of reads unmapped: other |	483776
                     % of reads unmapped: other |	2.19%
                                  CHIMERIC READS:
                       Number of chimeric reads |	0
                            % of chimeric reads |	0.00%
