                                 Started job on |	Feb 25 14:29:05
                             Started mapping on |	Feb 25 14:29:36
                                    Finished on |	Feb 25 14:36:57
       Mapping speed, Million of reads per hour |	177.64

                          Number of input reads |	21760501
                      Average input read length |	296
                                    UNIQUE READS:
                   Uniquely mapped reads number |	18866282
                        Uniquely mapped reads % |	86.70%
                          Average mapped length |	295.12
                       Number of splices: Total |	19234335
            Number of splices: Annotated (sjdb) |	1343320
                       Number of splices: GT/AG |	19101346
                       Number of splices: GC/AG |	109327
                       Number of splices: AT/AC |	6946
               Number of splices: Non-canonical |	16716
                      Mismatch rate per base, % |	0.13%
                         Deletion rate per base |	0.01%
                        Deletion average length |	2.29
                        Insertion rate per base |	0.01%
                       Insertion average length |	1.68
                             MULTI-MAPPING READS:
        Number of reads mapped to multiple loci |	1643729
             % of reads mapped to multiple loci |	7.55%
        Number of reads mapped to too many loci |	47954
             % of reads mapped to too many loci |	0.22%
                                  UNMAPPED READS:
  Number of reads unmapped: too many mismatches |	0
       % of reads unmapped: too many mismatches |	0.00%
            Number of reads unmapped: too short |	438815
                 % of reads unmapped: too short |	2.02%
                Number of reads unmapped: other |	763721
                     % of reads unmapped: other |	3.51%
                                  CHIMERIC READS:
                       Number of chimeric reads |	0
                            % of chimeric reads |	0.00%
