                                 Started job on |	Feb 25 14:29:05
                             Started mapping on |	Feb 25 14:29:36
                                    Finished on |	Feb 25 14:35:39
       Mapping speed, Million of reads per hour |	197.16

                          Number of input reads |	19880149
                      Average input read length |	296
                                    UNIQUE READS:
                   Uniquely mapped reads number |	17794513
                        Uniquely mapped reads % |	89.51%
                          Average mapped length |	294.85
                       Number of splices: Total |	16902559
            Number of splices: Annotated (sjdb) |	823536
                       Number of splices: GT/AG |	16778204
                       Number of splices: GC/AG |	100852
                       Number of splices: AT/AC |	6669
               Number of splices: Non-canonical |	16834
                      Mismatch rate per base, % |	0.13%
                         Deletion rate per base |	0.01%
                        Deletion average length |	1.95
                        Insertion rate per base |	0.01%
                       Insertion average length |	1.58
                             MULTI-MAPPING READS:
        Number of reads mapped to multiple loci |	1411160
             % of reads mapped to multiple loci |	7.10%
        Number of reads mapped to too many loci |	37455
             % of reads mapped to too many loci |	0.19%
                                  UNMAPPED READS:
  Number of reads unmapped: too many mismatches |	0
       % of reads unmapped: too many mismatches |	0.00%
            Number of reads unmapped: too short |	407192
                 % of reads unmapped: too short |	2.05%
                Number of reads unmapped: other |	229829
                     % of reads unmapped: other |	1.16%
                                  CHIMERIC READS:
                       Number of chimeric reads |	0
                            % of chimeric reads |	0.00%
