                                 Started job on |	Feb 25 14:29:05
                             Started mapping on |	Feb 25 14:29:33
                                    Finished on |	Feb 25 14:36:54
       Mapping speed, Million of reads per hour |	197.33

                          Number of input reads |	24172446
                      Average input read length |	295
                                    UNIQUE READS:
                   Uniquely mapped reads number |	21225941
                        Uniquely mapped reads % |	87.81%
                          Average mapped length |	294.08
                       Number of splices: Total |	18066414
            Number of splices: Annotated (sjdb) |	655781
                       Number of splices: GT/AG |	17905457
                       Number of splices: GC/AG |	121736
                       Number of splices: AT/AC |	9527
               Number of splices: Non-canonical |	29694
                      Mismatch rate per base, % |	0.21%
                         Deletion rate per base |	0.03%
                        Deletion average length |	1.68
                        Insertion rate per base |	0.01%
                       Insertion average length |	1.63
                             MULTI-MAPPING READS:
        Number of reads mapped to multiple loci |	2186796
             % of reads mapped to multiple loci |	9.05%
        Number of reads mapped to too many loci |	50937
             % of reads mapped to too many loci |	0.21%
                                  UNMAPPED READS:
  Number of reads unmapped: too many mismatches |	0
       % of reads unmapped: too many mismatches |	0.00%
            Number of reads unmapped: too short |	684104
                 % of reads unmapped: too short |	2.83%
                Number of reads unmapped: other |	24668
                     % of reads unmapped: other |	0.10%
                                  CHIMERIC READS:
                       Number of chimeric reads |	0
                            % of chimeric reads |	0.00%
