                                 Started job on |	Feb 25 14:29:05
                             Started mapping on |	Feb 25 14:29:40
                                    Finished on |	Feb 25 14:36:55
       Mapping speed, Million of reads per hour |	203.00

                          Number of input reads |	24529004
                      Average input read length |	295
                                    UNIQUE READS:
                   Uniquely mapped reads number |	21552563
                        Uniquely mapped reads % |	87.87%
                          Average mapped length |	293.46
                       Number of splices: Total |	19495719
            Number of splices: Annotated (sjdb) |	691646
                       Number of splices: GT/AG |	19333745
                       Number of splices: GC/AG |	120700
                       Number of splices: AT/AC |	9730
               Number of splices: Non-canonical |	31544
                      Mismatch rate per base, % |	0.21%
                         Deletion rate per base |	0.03%
                        Deletion average length |	1.69
                        Insertion rate per base |	0.01%
                       Insertion average length |	1.67
                             MULTI-MAPPING READS:
        Number of reads mapped to multiple loci |	2124902
             % of reads mapped to multiple loci |	8.66%
        Number of reads mapped to too many loci |	60693
             % of reads mapped to too many loci |	0.25%
                                  UNMAPPED READS:
  Number of reads unmapped: too many mismatches |	0
       % of reads unmapped: too many mismatches |	0.00%
            Number of reads unmapped: too short |	765708
                 % of reads unmapped: too short |	3.12%
                Number of reads unmapped: other |	25138
                     % of reads unmapped: other |	0.10%
                                  CHIMERIC READS:
                       Number of chimeric reads |	0
                            % of chimeric reads |	0.00%
