Directory ./rn7_Genome already exists.
Rat genome file already exists.
Unzipped genome file already exists.
building Genome ...
	STAR --runThreadN 6 --runMode genomeGenerate --genomeDir . --genomeFastaFiles ./rn7.fa --sjdbGTFfile ../../00_Karri_et_al_GTF/Karri_Annotations_Restructured_rn7_for_Gene_Expression.gtf --sjdbOverhang 149 --genomeSAindexNbases 12 --limitGenomeGenerateRAM 60000000000
	STAR version: 2.7.11b   compiled: 2024-07-18T13:18:20-04:00 dev-intel14:/tmp/panchyni/easybuild/easybuild/build/STAR/2.7.11b/GCC-13.2.0/STAR-2.7.11b/source
Mar 05 13:34:12 ..... started STAR run
Mar 05 13:34:12 ... starting to generate Genome files
Mar 05 13:35:00 ..... processing annotations GTF
Mar 05 13:37:33 ... starting to sort Suffix Array. This may take a long time...
Mar 05 13:37:48 ... sorting Suffix Array chunks and saving them to disk...
Mar 05 13:59:42 ... loading chunks from disk, packing SA...
Mar 05 14:00:52 ... finished generating suffix array
Mar 05 14:00:52 ... generating Suffix Array index
Mar 05 14:01:26 ... completed Suffix Array index
Mar 05 14:01:26 ... writing Genome to disk ...
Mar 05 14:01:27 ... writing Suffix Array to disk ...
Mar 05 14:01:37 ... writing SAindex to disk
Mar 05 14:01:38 ..... finished successfully
done!
