                                 Started job on |	Mar 05 17:31:13
                             Started mapping on |	Mar 05 17:31:48
                                    Finished on |	Mar 05 17:34:57
       Mapping speed, Million of reads per hour |	570.15

                          Number of input reads |	29933064
                      Average input read length |	49
                                    UNIQUE READS:
                   Uniquely mapped reads number |	27605390
                        Uniquely mapped reads % |	92.22%
                          Average mapped length |	49.48
                       Number of splices: Total |	2893300
            Number of splices: Annotated (sjdb) |	0
                       Number of splices: GT/AG |	2869745
                       Number of splices: GC/AG |	17556
                       Number of splices: AT/AC |	494
               Number of splices: Non-canonical |	5505
                      Mismatch rate per base, % |	0.23%
                         Deletion rate per base |	0.00%
                        Deletion average length |	1.48
                        Insertion rate per base |	0.00%
                       Insertion average length |	1.29
                             MULTI-MAPPING READS:
        Number of reads mapped to multiple loci |	2028668
             % of reads mapped to multiple loci |	6.78%
        Number of reads mapped to too many loci |	106636
             % of reads mapped to too many loci |	0.36%
                                  UNMAPPED READS:
  Number of reads unmapped: too many mismatches |	0
       % of reads unmapped: too many mismatches |	0.00%
            Number of reads unmapped: too short |	105680
                 % of reads unmapped: too short |	0.35%
                Number of reads unmapped: other |	86690
                     % of reads unmapped: other |	0.29%
                                  CHIMERIC READS:
                       Number of chimeric reads |	0
                            % of chimeric reads |	0.00%
