                                 Started job on |	Mar 05 17:30:36
                             Started mapping on |	Mar 05 17:31:04
                                    Finished on |	Mar 05 17:34:17
       Mapping speed, Million of reads per hour |	678.94

                          Number of input reads |	36398501
                      Average input read length |	49
                                    UNIQUE READS:
                   Uniquely mapped reads number |	33345550
                        Uniquely mapped reads % |	91.61%
                          Average mapped length |	49.41
                       Number of splices: Total |	3249108
            Number of splices: Annotated (sjdb) |	0
                       Number of splices: GT/AG |	3226168
                       Number of splices: GC/AG |	15229
                       Number of splices: AT/AC |	559
               Number of splices: Non-canonical |	7152
                      Mismatch rate per base, % |	0.36%
                         Deletion rate per base |	0.01%
                        Deletion average length |	1.47
                        Insertion rate per base |	0.00%
                       Insertion average length |	1.37
                             MULTI-MAPPING READS:
        Number of reads mapped to multiple loci |	2632023
             % of reads mapped to multiple loci |	7.23%
        Number of reads mapped to too many loci |	141292
             % of reads mapped to too many loci |	0.39%
                                  UNMAPPED READS:
  Number of reads unmapped: too many mismatches |	0
       % of reads unmapped: too many mismatches |	0.00%
            Number of reads unmapped: too short |	151753
                 % of reads unmapped: too short |	0.42%
                Number of reads unmapped: other |	127883
                     % of reads unmapped: other |	0.35%
                                  CHIMERIC READS:
                       Number of chimeric reads |	0
                            % of chimeric reads |	0.00%
