                                 Started job on |	Mar 05 17:31:13
                             Started mapping on |	Mar 05 17:31:48
                                    Finished on |	Mar 05 17:34:36
       Mapping speed, Million of reads per hour |	659.25

                          Number of input reads |	30764863
                      Average input read length |	49
                                    UNIQUE READS:
                   Uniquely mapped reads number |	28222269
                        Uniquely mapped reads % |	91.74%
                          Average mapped length |	49.48
                       Number of splices: Total |	2999862
            Number of splices: Annotated (sjdb) |	0
                       Number of splices: GT/AG |	2975404
                       Number of splices: GC/AG |	18190
                       Number of splices: AT/AC |	509
               Number of splices: Non-canonical |	5759
                      Mismatch rate per base, % |	0.21%
                         Deletion rate per base |	0.00%
                        Deletion average length |	1.45
                        Insertion rate per base |	0.00%
                       Insertion average length |	1.29
                             MULTI-MAPPING READS:
        Number of reads mapped to multiple loci |	2195888
             % of reads mapped to multiple loci |	7.14%
        Number of reads mapped to too many loci |	119963
             % of reads mapped to too many loci |	0.39%
                                  UNMAPPED READS:
  Number of reads unmapped: too many mismatches |	0
       % of reads unmapped: too many mismatches |	0.00%
            Number of reads unmapped: too short |	115065
                 % of reads unmapped: too short |	0.37%
                Number of reads unmapped: other |	111678
                     % of reads unmapped: other |	0.36%
                                  CHIMERIC READS:
                       Number of chimeric reads |	0
                            % of chimeric reads |	0.00%
