                                 Started job on |	Mar 05 17:30:09
                             Started mapping on |	Mar 05 17:30:34
                                    Finished on |	Mar 05 17:34:12
       Mapping speed, Million of reads per hour |	542.96

                          Number of input reads |	32878988
                      Average input read length |	49
                                    UNIQUE READS:
                   Uniquely mapped reads number |	29725297
                        Uniquely mapped reads % |	90.41%
                          Average mapped length |	49.50
                       Number of splices: Total |	2956711
            Number of splices: Annotated (sjdb) |	0
                       Number of splices: GT/AG |	2936348
                       Number of splices: GC/AG |	14080
                       Number of splices: AT/AC |	544
               Number of splices: Non-canonical |	5739
                      Mismatch rate per base, % |	0.24%
                         Deletion rate per base |	0.00%
                        Deletion average length |	1.42
                        Insertion rate per base |	0.00%
                       Insertion average length |	1.30
                             MULTI-MAPPING READS:
        Number of reads mapped to multiple loci |	2772323
             % of reads mapped to multiple loci |	8.43%
        Number of reads mapped to too many loci |	128089
             % of reads mapped to too many loci |	0.39%
                                  UNMAPPED READS:
  Number of reads unmapped: too many mismatches |	0
       % of reads unmapped: too many mismatches |	0.00%
            Number of reads unmapped: too short |	130908
                 % of reads unmapped: too short |	0.40%
                Number of reads unmapped: other |	122371
                     % of reads unmapped: other |	0.37%
                                  CHIMERIC READS:
                       Number of chimeric reads |	0
                            % of chimeric reads |	0.00%
