STAR version=2.7.11b
STAR compilation time,server,dir=2024-07-18T13:18:20-04:00 dev-intel14:/tmp/panchyni/easybuild/easybuild/build/STAR/2.7.11b/GCC-13.2.0/STAR-2.7.11b/source
STAR git: 
##### Command Line:
STAR --genomeDir /mnt/ufs18/home-183/cholicog/Jupyter_Notebooks/Working_lncRNA/00_Build_rn7_Genome_for_bulk_RNAseq/rn7_Genome --readFilesIn /mnt/gs21/scratch/cholicog/Rat/Concatenated/Trim_Files//trimmed.L20_R1_001_combined.fastq.gz --readFilesCommand gunzip -c --outSAMtype BAM SortedByCoordinate --quantMode GeneCounts --runThreadN 8 --outFileNamePrefix /mnt/gs21/scratch/cholicog/Rat/Alignment_Data_LiftOver//trimmed.L20_R1_001_combined_
##### Initial USER parameters from Command Line:
outFileNamePrefix                 /mnt/gs21/scratch/cholicog/Rat/Alignment_Data_LiftOver//trimmed.L20_R1_001_combined_
###### All USER parameters from Command Line:
genomeDir                     /mnt/ufs18/home-183/cholicog/Jupyter_Notebooks/Working_lncRNA/00_Build_rn7_Genome_for_bulk_RNAseq/rn7_Genome     ~RE-DEFINED
readFilesIn                   /mnt/gs21/scratch/cholicog/Rat/Concatenated/Trim_Files//trimmed.L20_R1_001_combined.fastq.gz        ~RE-DEFINED
readFilesCommand              gunzip   -c        ~RE-DEFINED
outSAMtype                    BAM   SortedByCoordinate        ~RE-DEFINED
quantMode                     GeneCounts        ~RE-DEFINED
runThreadN                    8     ~RE-DEFINED
outFileNamePrefix             /mnt/gs21/scratch/cholicog/Rat/Alignment_Data_LiftOver//trimmed.L20_R1_001_combined_     ~RE-DEFINED
##### Finished reading parameters from all sources

##### Final user re-defined parameters-----------------:
runThreadN                        8
genomeDir                         /mnt/ufs18/home-183/cholicog/Jupyter_Notebooks/Working_lncRNA/00_Build_rn7_Genome_for_bulk_RNAseq/rn7_Genome
readFilesIn                       /mnt/gs21/scratch/cholicog/Rat/Concatenated/Trim_Files//trimmed.L20_R1_001_combined.fastq.gz   
readFilesCommand                  gunzip   -c   
outFileNamePrefix                 /mnt/gs21/scratch/cholicog/Rat/Alignment_Data_LiftOver//trimmed.L20_R1_001_combined_
outSAMtype                        BAM   SortedByCoordinate   
quantMode                         GeneCounts   

-------------------------------
##### Final effective command line:
STAR   --runThreadN 8   --genomeDir /mnt/ufs18/home-183/cholicog/Jupyter_Notebooks/Working_lncRNA/00_Build_rn7_Genome_for_bulk_RNAseq/rn7_Genome   --readFilesIn /mnt/gs21/scratch/cholicog/Rat/Concatenated/Trim_Files//trimmed.L20_R1_001_combined.fastq.gz      --readFilesCommand gunzip   -c      --outFileNamePrefix /mnt/gs21/scratch/cholicog/Rat/Alignment_Data_LiftOver//trimmed.L20_R1_001_combined_   --outSAMtype BAM   SortedByCoordinate      --quantMode GeneCounts   
----------------------------------------

Number of fastq files for each mate = 1

   Input read files for mate 1 :
-rw-r----- 1 cholicog biochem 1308981243 Mar  5 10:53 /mnt/gs21/scratch/cholicog/Rat/Concatenated/Trim_Files//trimmed.L20_R1_001_combined.fastq.gz

   readsCommandsFile:
exec > "/mnt/gs21/scratch/cholicog/Rat/Alignment_Data_LiftOver//trimmed.L20_R1_001_combined__STARtmp/tmp.fifo.read1"
echo FILE 0
gunzip   -c      "/mnt/gs21/scratch/cholicog/Rat/Concatenated/Trim_Files//trimmed.L20_R1_001_combined.fastq.gz"

ParametersSolo: --soloCellFilterType CellRanger2.2 filtering parameters:  3000 0.99 10
WARNING: --limitBAMsortRAM=0, will use genome size as RAM limit for BAM sorting
Finished loading and checking parameters
Reading genome generation parameters:
### STAR   --runMode genomeGenerate      --runThreadN 6   --genomeDir .   --genomeFastaFiles ./rn7.fa      --genomeSAindexNbases 12   --limitGenomeGenerateRAM 60000000000   --sjdbGTFfile ../../00_Karri_et_al_GTF/Karri_Annotations_Restructured_rn7_for_Gene_Expression.gtf   --sjdbOverhang 149
### GstrandBit=32
versionGenome                 2.7.4a     ~RE-DEFINED
genomeType                    Full     ~RE-DEFINED
genomeFastaFiles              ./rn7.fa        ~RE-DEFINED
genomeSAindexNbases           12     ~RE-DEFINED
genomeChrBinNbits             18     ~RE-DEFINED
genomeSAsparseD               1     ~RE-DEFINED
genomeTransformType           None     ~RE-DEFINED
genomeTransformVCF            -     ~RE-DEFINED
sjdbOverhang                  149     ~RE-DEFINED
sjdbFileChrStartEnd           -        ~RE-DEFINED
sjdbGTFfile                   ../../00_Karri_et_al_GTF/Karri_Annotations_Restructured_rn7_for_Gene_Expression.gtf     ~RE-DEFINED
sjdbGTFchrPrefix              -     ~RE-DEFINED
sjdbGTFfeatureExon            exon     ~RE-DEFINED
sjdbGTFtagExonParentTranscripttranscript_id     ~RE-DEFINED
sjdbGTFtagExonParentGene      gene_id     ~RE-DEFINED
sjdbInsertSave                Basic     ~RE-DEFINED
genomeFileSizes               2683043840   21669291372        ~RE-DEFINED
Genome version is compatible with current STAR
Number of real (reference) chromosomes= 176
1	chr1	260522016	0
2	chr10	107211142	260571136
3	chr11	86241447	367788032
4	chr12	46669029	454033408
5	chr12_NW_023637711v1_random	1402623	500957184
6	chr12_NW_023637712v1_random	210070	502530048
7	chr13	106807694	502792192
8	chr14	104886043	609746944
9	chr15	101769107	714866688
10	chr16	84729064	816840704
11	chr17	86533673	901775360
12	chr18	83828827	988545024
13	chr19	57337602	1072431104
14	chr19_NW_023637713v1_random	23956	1129840640
15	chr19_NW_023637714v1_random	23219	1130102784
16	chr19_NW_023637715v1_random	19663	1130364928
17	chr19_NW_023637716v1_random	14256	1130627072
18	chr19_NW_023637717v1_random	202997	1130889216
19	chr2	249053267	1131151360
20	chr20	54435887	1380450304
21	chr3	169034231	1434976256
22	chr4	182687754	1604059136
23	chr5	166875058	1786773504
24	chr6	140994061	1953759232
25	chr7	135012528	2094792704
26	chr8	123900184	2230059008
27	chr9	114175309	2354053120
28	chrM	16313	2468347904
29	chrUn_NW_023637723v1	648519	2468610048
30	chrUn_NW_023637724v1	529129	2469396480
31	chrUn_NW_023637725v1	333848	2470182912
32	chrUn_NW_023637726v1	318964	2470707200
33	chrUn_NW_023637727v1	241438	2471231488
34	chrUn_NW_023637728v1	231725	2471493632
35	chrUn_NW_023637729v1	20806	2471755776
36	chrUn_NW_023637730v1	3527	2472017920
37	chrUn_NW_023637731v1	36943	2472280064
38	chrUn_NW_023637732v1	59774	2472542208
39	chrUn_NW_023637733v1	58986	2472804352
40	chrUn_NW_023637734v1	55443	2473066496
41	chrUn_NW_023637735v1	55703	2473328640
42	chrUn_NW_023637736v1	55030	2473590784
43	chrUn_NW_023637737v1	54054	2473852928
44	chrUn_NW_023637738v1	52490	2474115072
45	chrUn_NW_023637739v1	52429	2474377216
46	chrUn_NW_023637740v1	53477	2474639360
47	chrUn_NW_023637741v1	51231	2474901504
48	chrUn_NW_023637742v1	50135	2475163648
49	chrUn_NW_023637743v1	48867	2475425792
50	chrUn_NW_023637744v1	48649	2475687936
51	chrUn_NW_023637745v1	47994	2475950080
52	chrUn_NW_023637746v1	47167	2476212224
53	chrUn_NW_023637747v1	46828	2476474368
54	chrUn_NW_023637748v1	44754	2476736512
55	chrUn_NW_023637749v1	44011	2476998656
56	chrUn_NW_023637750v1	43227	2477260800
57	chrUn_NW_023637751v1	42710	2477522944
58	chrUn_NW_023637752v1	42392	2477785088
59	chrUn_NW_023637753v1	41807	2478047232
60	chrUn_NW_023637754v1	41029	2478309376
61	chrUn_NW_023637755v1	40107	2478571520
62	chrUn_NW_023637756v1	39806	2478833664
63	chrUn_NW_023637757v1	39355	2479095808
64	chrUn_NW_023637758v1	38789	2479357952
65	chrUn_NW_023637759v1	38316	2479620096
66	chrUn_NW_023637760v1	37756	2479882240
67	chrUn_NW_023637761v1	37900	2480144384
68	chrUn_NW_023637762v1	37835	2480406528
69	chrUn_NW_023637763v1	37503	2480668672
70	chrUn_NW_023637764v1	37612	2480930816
71	chrUn_NW_023637765v1	36674	2481192960
72	chrUn_NW_023637766v1	36093	2481455104
73	chrUn_NW_023637767v1	35514	2481717248
74	chrUn_NW_023637768v1	35635	2481979392
75	chrUn_NW_023637769v1	35019	2482241536
76	chrUn_NW_023637770v1	34854	2482503680
77	chrUn_NW_023637771v1	34273	2482765824
78	chrUn_NW_023637772v1	34141	2483027968
79	chrUn_NW_023637773v1	32456	2483290112
80	chrUn_NW_023637774v1	31866	2483552256
81	chrUn_NW_023637775v1	31814	2483814400
82	chrUn_NW_023637776v1	30923	2484076544
83	chrUn_NW_023637777v1	30905	2484338688
84	chrUn_NW_023637778v1	30536	2484600832
85	chrUn_NW_023637779v1	30026	2484862976
86	chrUn_NW_023637780v1	29614	2485125120
87	chrUn_NW_023637781v1	29394	2485387264
88	chrUn_NW_023637782v1	29369	2485649408
89	chrUn_NW_023637783v1	28870	2485911552
90	chrUn_NW_023637784v1	28513	2486173696
91	chrUn_NW_023637785v1	27249	2486435840
92	chrUn_NW_023637786v1	27089	2486697984
93	chrUn_NW_023637787v1	25016	2486960128
94	chrUn_NW_023637788v1	24935	2487222272
95	chrUn_NW_023637789v1	24820	2487484416
96	chrUn_NW_023637790v1	24952	2487746560
97	chrUn_NW_023637791v1	23654	2488008704
98	chrUn_NW_023637792v1	23476	2488270848
99	chrUn_NW_023637793v1	23161	2488532992
100	chrUn_NW_023637794v1	22722	2488795136
101	chrUn_NW_023637795v1	22560	2489057280
102	chrUn_NW_023637796v1	19399	2489319424
103	chrUn_NW_023637797v1	17659	2489581568
104	chrUn_NW_023637798v1	16920	2489843712
105	chrUn_NW_023637799v1	14320	2490105856
106	chrUn_NW_023637800v1	12850	2490368000
107	chrUn_NW_023637801v1	12585	2490630144
108	chrUn_NW_023637802v1	11983	2490892288
109	chrUn_NW_023637803v1	11810	2491154432
110	chrUn_NW_023637804v1	11854	2491416576
111	chrUn_NW_023637805v1	10867	2491678720
112	chrUn_NW_023637806v1	10646	2491940864
113	chrUn_NW_023637807v1	10060	2492203008
114	chrUn_NW_023637808v1	9310	2492465152
115	chrUn_NW_023637809v1	8567	2492727296
116	chrUn_NW_023637810v1	8270	2492989440
117	chrUn_NW_023637811v1	8066	2493251584
118	chrUn_NW_023637812v1	7648	2493513728
119	chrUn_NW_023637813v1	7188	2493775872
120	chrUn_NW_023637814v1	6125	2494038016
121	chrUn_NW_023637815v1	5684	2494300160
122	chrUn_NW_023637816v1	5530	2494562304
123	chrUn_NW_023637817v1	5450	2494824448
124	chrUn_NW_023637818v1	3849	2495086592
125	chrUn_NW_023637819v1	3655	2495348736
126	chrUn_NW_023637820v1	3570	2495610880
127	chrUn_NW_023637821v1	3369	2495873024
128	chrUn_NW_023637822v1	3310	2496135168
129	chrUn_NW_023637823v1	3242	2496397312
130	chrUn_NW_023637824v1	2119	2496659456
131	chrUn_NW_023637825v1	1272	2496921600
132	chrUn_NW_023637826v1	972	2497183744
133	chrUn_NW_023637827v1	779	2497445888
134	chrUn_NW_023637828v1	746	2497708032
135	chrUn_NW_023637829v1	118324	2497970176
136	chrUn_NW_023637830v1	299950	2498232320
137	chrUn_NW_023637831v1	287783	2498756608
138	chrUn_NW_023637832v1	267602	2499280896
139	chrUn_NW_023637833v1	201039	2499805184
140	chrUn_NW_023637834v1	159729	2500067328
141	chrUn_NW_023637835v1	152829	2500329472
142	chrUn_NW_023637836v1	149942	2500591616
143	chrUn_NW_023637837v1	135739	2500853760
144	chrUn_NW_023637838v1	123749	2501115904
145	chrUn_NW_023637839v1	113378	2501378048
146	chrUn_NW_023637840v1	109622	2501640192
147	chrUn_NW_023637841v1	102432	2501902336
148	chrUn_NW_023637842v1	100634	2502164480
149	chrUn_NW_023637843v1	97491	2502426624
150	chrUn_NW_023637844v1	94865	2502688768
151	chrUn_NW_023637845v1	94425	2502950912
152	chrUn_NW_023637846v1	92577	2503213056
153	chrUn_NW_023637847v1	91108	2503475200
154	chrUn_NW_023637848v1	90477	2503737344
155	chrUn_NW_023637849v1	90482	2503999488
156	chrUn_NW_023637850v1	89891	2504261632
157	chrUn_NW_023637851v1	86921	2504523776
158	chrUn_NW_023637852v1	80668	2504785920
159	chrUn_NW_023637853v1	76773	2505048064
160	chrUn_NW_023637854v1	75943	2505310208
161	chrUn_NW_023637855v1	72661	2505572352
162	chrUn_NW_023637856v1	70979	2505834496
163	chrUn_NW_023637857v1	69993	2506096640
164	chrUn_NW_023637858v1	69855	2506358784
165	chrUn_NW_023637859v1	68744	2506620928
166	chrUn_NW_023637860v1	67574	2506883072
167	chrUn_NW_023637861v1	66861	2507145216
168	chrUn_NW_023637862v1	62367	2507407360
169	chrUn_NW_023637863v1	62110	2507669504
170	chrX	152453651	2507931648
171	chrY	18315841	2660499456
172	chrY_NW_023637718v1_random	444596	2678849536
173	chrY_NW_023637719v1_random	573231	2679373824
174	chrY_NW_023637720v1_random	1794995	2680160256
175	chrY_NW_023637721v1_random	273924	2681995264
176	chrY_NW_023637722v1_random	383091	2682519552
--sjdbOverhang = 149 taken from the generated genome
Started loading the genome: Wed Mar  5 17:30:24 2025

Genome: size given as a parameter = 2683043840
SA: size given as a parameter = 21669291372
SAindex: size given as a parameter = 1
Read from SAindex: pGe.gSAindexNbases=12  nSAi=22369620
nGenome=2683043840;  nSAbyte=21669291372
GstrandBit=32   SA number of indices=5253161544
Shared memory is not used for genomes. Allocated a private copy of the genome.
Genome file size: 2683043840 bytes; state: good=1 eof=0 fail=0 bad=0
Loading Genome ... done! state: good=1 eof=0 fail=0 bad=0; loaded 2683043840 bytes
SA file size: 21669291372 bytes; state: good=1 eof=0 fail=0 bad=0
Loading SA ... done! state: good=1 eof=0 fail=0 bad=0; loaded 21669291372 bytes
Loading SAindex ... done: 97867203 bytes
Finished loading the genome: Wed Mar  5 17:30:58 2025

alignIntronMax=alignMatesGapMax=0, the max intron size will be approximately determined by (2^winBinNbits)*winAnchorDistNbins=589824
Created thread # 1
Starting to map file # 0
mate 1:   /mnt/gs21/scratch/cholicog/Rat/Concatenated/Trim_Files//trimmed.L20_R1_001_combined.fastq.gz
Created thread # 2
Created thread # 3
Created thread # 4
Created thread # 5
Created thread # 6
Created thread # 7
BAM sorting: 265306 mapped reads
BAM sorting bins genomic start loci:
1	0	75465131
2	0	84048912
3	0	159936643
4	0	204387590
5	0	237388386
6	0	240093169
7	1	45257446
8	1	85412875
9	2	64933962
10	2	78121826
11	3	31241600
12	6	51454968
13	6	91917518
14	7	17609325
15	7	17613423
16	7	17618101
17	7	17620942
18	7	35538199
19	8	40218052
20	9	9673780
21	10	6405952
22	11	11950833
23	12	23270070
24	18	26895378
25	18	102483833
26	18	174882644
27	19	3356617
28	20	3017448
29	20	89858951
30	20	161127965
31	21	103194681
32	21	155079061
33	21	161763167
34	22	63857536
35	22	131746404
36	23	30876344
37	23	122867509
38	23	131672647
39	24	63333059
40	24	128145121
41	25	46607127
42	25	103793425
43	25	103811164
44	26	2102623
45	26	68700548
46	27	5634
47	27	8239
48	169	1163741
Thread #5 end of input stream, nextChar=-1
Completed: thread #4
Completed: thread #1
Completed: thread #5
Completed: thread #2
Completed: thread #0
Joined thread # 1
Joined thread # 2
Completed: thread #7
Completed: thread #6
Completed: thread #3
Joined thread # 3
Joined thread # 4
Joined thread # 5
Joined thread # 6
Joined thread # 7
Mar 05 17:33:27 ..... finished mapping
RAM after mapping:
VmPeak:	25801560 kB; VmSize:	25717848 kB; VmHWM:	25281480 kB; VmRSS:	25244264 kB; 
RAM after freeing genome index memory:
VmPeak:	25801560 kB; VmSize:	 1840688 kB; VmHWM:	25281480 kB; VmRSS:	 1367132 kB; 
Mar 05 17:33:29 ..... started sorting BAM
Max memory needed for sorting = 155905604
ALL DONE!
