                                 Started job on |	Mar 05 17:30:59
                             Started mapping on |	Mar 05 17:31:21
                                    Finished on |	Mar 05 17:33:57
       Mapping speed, Million of reads per hour |	636.92

                          Number of input reads |	27600073
                      Average input read length |	49
                                    UNIQUE READS:
                   Uniquely mapped reads number |	24981761
                        Uniquely mapped reads % |	90.51%
                          Average mapped length |	49.40
                       Number of splices: Total |	2517902
            Number of splices: Annotated (sjdb) |	0
                       Number of splices: GT/AG |	2495318
                       Number of splices: GC/AG |	16615
                       Number of splices: AT/AC |	477
               Number of splices: Non-canonical |	5492
                      Mismatch rate per base, % |	0.35%
                         Deletion rate per base |	0.00%
                        Deletion average length |	1.45
                        Insertion rate per base |	0.00%
                       Insertion average length |	1.30
                             MULTI-MAPPING READS:
        Number of reads mapped to multiple loci |	2265358
             % of reads mapped to multiple loci |	8.21%
        Number of reads mapped to too many loci |	109217
             % of reads mapped to too many loci |	0.40%
                                  UNMAPPED READS:
  Number of reads unmapped: too many mismatches |	0
       % of reads unmapped: too many mismatches |	0.00%
            Number of reads unmapped: too short |	145705
                 % of reads unmapped: too short |	0.53%
                Number of reads unmapped: other |	98032
                     % of reads unmapped: other |	0.36%
                                  CHIMERIC READS:
                       Number of chimeric reads |	0
                            % of chimeric reads |	0.00%
