                                 Started job on |	Mar 05 17:30:36
                             Started mapping on |	Mar 05 17:30:58
                                    Finished on |	Mar 05 17:33:56
       Mapping speed, Million of reads per hour |	659.18

                          Number of input reads |	32592921
                      Average input read length |	49
                                    UNIQUE READS:
                   Uniquely mapped reads number |	29825788
                        Uniquely mapped reads % |	91.51%
                          Average mapped length |	49.50
                       Number of splices: Total |	2913578
            Number of splices: Annotated (sjdb) |	0
                       Number of splices: GT/AG |	2891627
                       Number of splices: GC/AG |	15453
                       Number of splices: AT/AC |	510
               Number of splices: Non-canonical |	5988
                      Mismatch rate per base, % |	0.24%
                         Deletion rate per base |	0.01%
                        Deletion average length |	1.45
                        Insertion rate per base |	0.00%
                       Insertion average length |	1.35
                             MULTI-MAPPING READS:
        Number of reads mapped to multiple loci |	2390855
             % of reads mapped to multiple loci |	7.34%
        Number of reads mapped to too many loci |	123984
             % of reads mapped to too many loci |	0.38%
                                  UNMAPPED READS:
  Number of reads unmapped: too many mismatches |	0
       % of reads unmapped: too many mismatches |	0.00%
            Number of reads unmapped: too short |	126165
                 % of reads unmapped: too short |	0.39%
                Number of reads unmapped: other |	126129
                     % of reads unmapped: other |	0.39%
                                  CHIMERIC READS:
                       Number of chimeric reads |	0
                            % of chimeric reads |	0.00%
