                                 Started job on |	Mar 05 17:30:09
                             Started mapping on |	Mar 05 17:30:38
                                    Finished on |	Mar 05 17:33:03
       Mapping speed, Million of reads per hour |	710.97

                          Number of input reads |	28636384
                      Average input read length |	49
                                    UNIQUE READS:
                   Uniquely mapped reads number |	26033815
                        Uniquely mapped reads % |	90.91%
                          Average mapped length |	49.47
                       Number of splices: Total |	2713658
            Number of splices: Annotated (sjdb) |	0
                       Number of splices: GT/AG |	2693392
                       Number of splices: GC/AG |	14770
                       Number of splices: AT/AC |	483
               Number of splices: Non-canonical |	5013
                      Mismatch rate per base, % |	0.22%
                         Deletion rate per base |	0.00%
                        Deletion average length |	1.44
                        Insertion rate per base |	0.00%
                       Insertion average length |	1.29
                             MULTI-MAPPING READS:
        Number of reads mapped to multiple loci |	2280575
             % of reads mapped to multiple loci |	7.96%
        Number of reads mapped to too many loci |	107855
             % of reads mapped to too many loci |	0.38%
                                  UNMAPPED READS:
  Number of reads unmapped: too many mismatches |	0
       % of reads unmapped: too many mismatches |	0.00%
            Number of reads unmapped: too short |	112660
                 % of reads unmapped: too short |	0.39%
                Number of reads unmapped: other |	101479
                     % of reads unmapped: other |	0.35%
                                  CHIMERIC READS:
                       Number of chimeric reads |	0
                            % of chimeric reads |	0.00%
