                                 Started job on |	Mar 05 17:32:10
                             Started mapping on |	Mar 05 17:32:34
                                    Finished on |	Mar 05 17:35:33
       Mapping speed, Million of reads per hour |	752.41

                          Number of input reads |	37411259
                      Average input read length |	49
                                    UNIQUE READS:
                   Uniquely mapped reads number |	33194577
                        Uniquely mapped reads % |	88.73%
                          Average mapped length |	49.37
                       Number of splices: Total |	3484399
            Number of splices: Annotated (sjdb) |	0
                       Number of splices: GT/AG |	3459107
                       Number of splices: GC/AG |	18172
                       Number of splices: AT/AC |	705
               Number of splices: Non-canonical |	6415
                      Mismatch rate per base, % |	0.37%
                         Deletion rate per base |	0.00%
                        Deletion average length |	1.45
                        Insertion rate per base |	0.00%
                       Insertion average length |	1.26
                             MULTI-MAPPING READS:
        Number of reads mapped to multiple loci |	3760162
             % of reads mapped to multiple loci |	10.05%
        Number of reads mapped to too many loci |	173454
             % of reads mapped to too many loci |	0.46%
                                  UNMAPPED READS:
  Number of reads unmapped: too many mismatches |	0
       % of reads unmapped: too many mismatches |	0.00%
            Number of reads unmapped: too short |	169003
                 % of reads unmapped: too short |	0.45%
                Number of reads unmapped: other |	114063
                     % of reads unmapped: other |	0.30%
                                  CHIMERIC READS:
                       Number of chimeric reads |	0
                            % of chimeric reads |	0.00%
