                                 Started job on |	Mar 05 17:31:19
                             Started mapping on |	Mar 05 17:31:38
                                    Finished on |	Mar 05 17:34:15
       Mapping speed, Million of reads per hour |	686.87

                          Number of input reads |	29955080
                      Average input read length |	49
                                    UNIQUE READS:
                   Uniquely mapped reads number |	27534263
                        Uniquely mapped reads % |	91.92%
                          Average mapped length |	49.50
                       Number of splices: Total |	2665283
            Number of splices: Annotated (sjdb) |	0
                       Number of splices: GT/AG |	2644184
                       Number of splices: GC/AG |	15711
                       Number of splices: AT/AC |	446
               Number of splices: Non-canonical |	4942
                      Mismatch rate per base, % |	0.20%
                         Deletion rate per base |	0.00%
                        Deletion average length |	1.48
                        Insertion rate per base |	0.00%
                       Insertion average length |	1.31
                             MULTI-MAPPING READS:
        Number of reads mapped to multiple loci |	2103054
             % of reads mapped to multiple loci |	7.02%
        Number of reads mapped to too many loci |	113835
             % of reads mapped to too many loci |	0.38%
                                  UNMAPPED READS:
  Number of reads unmapped: too many mismatches |	0
       % of reads unmapped: too many mismatches |	0.00%
            Number of reads unmapped: too short |	104949
                 % of reads unmapped: too short |	0.35%
                Number of reads unmapped: other |	98979
                     % of reads unmapped: other |	0.33%
                                  CHIMERIC READS:
                       Number of chimeric reads |	0
                            % of chimeric reads |	0.00%
