                                 Started job on |	Mar 05 17:30:59
                             Started mapping on |	Mar 05 17:31:21
                                    Finished on |	Mar 05 17:34:15
       Mapping speed, Million of reads per hour |	664.33

                          Number of input reads |	32109457
                      Average input read length |	49
                                    UNIQUE READS:
                   Uniquely mapped reads number |	29265786
                        Uniquely mapped reads % |	91.14%
                          Average mapped length |	49.39
                       Number of splices: Total |	3041117
            Number of splices: Annotated (sjdb) |	0
                       Number of splices: GT/AG |	3018123
                       Number of splices: GC/AG |	16454
                       Number of splices: AT/AC |	516
               Number of splices: Non-canonical |	6024
                      Mismatch rate per base, % |	0.36%
                         Deletion rate per base |	0.00%
                        Deletion average length |	1.47
                        Insertion rate per base |	0.00%
                       Insertion average length |	1.31
                             MULTI-MAPPING READS:
        Number of reads mapped to multiple loci |	2503305
             % of reads mapped to multiple loci |	7.80%
        Number of reads mapped to too many loci |	115570
             % of reads mapped to too many loci |	0.36%
                                  UNMAPPED READS:
  Number of reads unmapped: too many mismatches |	0
       % of reads unmapped: too many mismatches |	0.00%
            Number of reads unmapped: too short |	140353
                 % of reads unmapped: too short |	0.44%
                Number of reads unmapped: other |	84443
                     % of reads unmapped: other |	0.26%
                                  CHIMERIC READS:
                       Number of chimeric reads |	0
                            % of chimeric reads |	0.00%
