                                 Started job on |	Mar 05 17:32:11
                             Started mapping on |	Mar 05 17:32:29
                                    Finished on |	Mar 05 17:35:37
       Mapping speed, Million of reads per hour |	722.03

                          Number of input reads |	37706155
                      Average input read length |	49
                                    UNIQUE READS:
                   Uniquely mapped reads number |	33997743
                        Uniquely mapped reads % |	90.16%
                          Average mapped length |	49.38
                       Number of splices: Total |	3709425
            Number of splices: Annotated (sjdb) |	0
                       Number of splices: GT/AG |	3682243
                       Number of splices: GC/AG |	19793
                       Number of splices: AT/AC |	734
               Number of splices: Non-canonical |	6655
                      Mismatch rate per base, % |	0.37%
                         Deletion rate per base |	0.00%
                        Deletion average length |	1.48
                        Insertion rate per base |	0.00%
                       Insertion average length |	1.24
                             MULTI-MAPPING READS:
        Number of reads mapped to multiple loci |	3268036
             % of reads mapped to multiple loci |	8.67%
        Number of reads mapped to too many loci |	170342
             % of reads mapped to too many loci |	0.45%
                                  UNMAPPED READS:
  Number of reads unmapped: too many mismatches |	0
       % of reads unmapped: too many mismatches |	0.00%
            Number of reads unmapped: too short |	159671
                 % of reads unmapped: too short |	0.42%
                Number of reads unmapped: other |	110363
                     % of reads unmapped: other |	0.29%
                                  CHIMERIC READS:
                       Number of chimeric reads |	0
                            % of chimeric reads |	0.00%
