                                 Started job on |	Mar 05 17:30:50
                             Started mapping on |	Mar 05 17:31:18
                                    Finished on |	Mar 05 17:34:03
       Mapping speed, Million of reads per hour |	688.05

                          Number of input reads |	31535736
                      Average input read length |	49
                                    UNIQUE READS:
                   Uniquely mapped reads number |	28597888
                        Uniquely mapped reads % |	90.68%
                          Average mapped length |	49.49
                       Number of splices: Total |	2930239
            Number of splices: Annotated (sjdb) |	0
                       Number of splices: GT/AG |	2905675
                       Number of splices: GC/AG |	18226
                       Number of splices: AT/AC |	522
               Number of splices: Non-canonical |	5816
                      Mismatch rate per base, % |	0.21%
                         Deletion rate per base |	0.00%
                        Deletion average length |	1.45
                        Insertion rate per base |	0.00%
                       Insertion average length |	1.34
                             MULTI-MAPPING READS:
        Number of reads mapped to multiple loci |	2576879
             % of reads mapped to multiple loci |	8.17%
        Number of reads mapped to too many loci |	123478
             % of reads mapped to too many loci |	0.39%
                                  UNMAPPED READS:
  Number of reads unmapped: too many mismatches |	0
       % of reads unmapped: too many mismatches |	0.00%
            Number of reads unmapped: too short |	118403
                 % of reads unmapped: too short |	0.38%
                Number of reads unmapped: other |	119088
                     % of reads unmapped: other |	0.38%
                                  CHIMERIC READS:
                       Number of chimeric reads |	0
                            % of chimeric reads |	0.00%
