                                 Started job on |	Mar 05 17:30:09
                             Started mapping on |	Mar 05 17:30:34
                                    Finished on |	Mar 05 17:33:15
       Mapping speed, Million of reads per hour |	736.40

                          Number of input reads |	32933282
                      Average input read length |	49
                                    UNIQUE READS:
                   Uniquely mapped reads number |	29948224
                        Uniquely mapped reads % |	90.94%
                          Average mapped length |	49.52
                       Number of splices: Total |	2929946
            Number of splices: Annotated (sjdb) |	0
                       Number of splices: GT/AG |	2909050
                       Number of splices: GC/AG |	14120
                       Number of splices: AT/AC |	527
               Number of splices: Non-canonical |	6249
                      Mismatch rate per base, % |	0.22%
                         Deletion rate per base |	0.01%
                        Deletion average length |	1.46
                        Insertion rate per base |	0.00%
                       Insertion average length |	1.34
                             MULTI-MAPPING READS:
        Number of reads mapped to multiple loci |	2618348
             % of reads mapped to multiple loci |	7.95%
        Number of reads mapped to too many loci |	124323
             % of reads mapped to too many loci |	0.38%
                                  UNMAPPED READS:
  Number of reads unmapped: too many mismatches |	0
       % of reads unmapped: too many mismatches |	0.00%
            Number of reads unmapped: too short |	125297
                 % of reads unmapped: too short |	0.38%
                Number of reads unmapped: other |	117090
                     % of reads unmapped: other |	0.36%
                                  CHIMERIC READS:
                       Number of chimeric reads |	0
                            % of chimeric reads |	0.00%
