                                 Started job on |	Mar 05 17:30:24
                             Started mapping on |	Mar 05 17:30:59
                                    Finished on |	Mar 05 17:34:04
       Mapping speed, Million of reads per hour |	601.52

                          Number of input reads |	30911595
                      Average input read length |	49
                                    UNIQUE READS:
                   Uniquely mapped reads number |	28282143
                        Uniquely mapped reads % |	91.49%
                          Average mapped length |	49.48
                       Number of splices: Total |	3055601
            Number of splices: Annotated (sjdb) |	0
                       Number of splices: GT/AG |	3032668
                       Number of splices: GC/AG |	16770
                       Number of splices: AT/AC |	528
               Number of splices: Non-canonical |	5635
                      Mismatch rate per base, % |	0.21%
                         Deletion rate per base |	0.00%
                        Deletion average length |	1.47
                        Insertion rate per base |	0.00%
                       Insertion average length |	1.36
                             MULTI-MAPPING READS:
        Number of reads mapped to multiple loci |	2300943
             % of reads mapped to multiple loci |	7.44%
        Number of reads mapped to too many loci |	111057
             % of reads mapped to too many loci |	0.36%
                                  UNMAPPED READS:
  Number of reads unmapped: too many mismatches |	0
       % of reads unmapped: too many mismatches |	0.00%
            Number of reads unmapped: too short |	120848
                 % of reads unmapped: too short |	0.39%
                Number of reads unmapped: other |	96604
                     % of reads unmapped: other |	0.31%
                                  CHIMERIC READS:
                       Number of chimeric reads |	0
                            % of chimeric reads |	0.00%
