                                 Started job on |	Mar 05 17:30:36
                             Started mapping on |	Mar 05 17:30:58
                                    Finished on |	Mar 05 17:33:50
       Mapping speed, Million of reads per hour |	653.10

                          Number of input reads |	31203449
                      Average input read length |	49
                                    UNIQUE READS:
                   Uniquely mapped reads number |	28381277
                        Uniquely mapped reads % |	90.96%
                          Average mapped length |	49.49
                       Number of splices: Total |	2839579
            Number of splices: Annotated (sjdb) |	0
                       Number of splices: GT/AG |	2818948
                       Number of splices: GC/AG |	14536
                       Number of splices: AT/AC |	511
               Number of splices: Non-canonical |	5584
                      Mismatch rate per base, % |	0.24%
                         Deletion rate per base |	0.01%
                        Deletion average length |	1.46
                        Insertion rate per base |	0.00%
                       Insertion average length |	1.33
                             MULTI-MAPPING READS:
        Number of reads mapped to multiple loci |	2471825
             % of reads mapped to multiple loci |	7.92%
        Number of reads mapped to too many loci |	117958
             % of reads mapped to too many loci |	0.38%
                                  UNMAPPED READS:
  Number of reads unmapped: too many mismatches |	0
       % of reads unmapped: too many mismatches |	0.00%
            Number of reads unmapped: too short |	127252
                 % of reads unmapped: too short |	0.41%
                Number of reads unmapped: other |	105137
                     % of reads unmapped: other |	0.34%
                                  CHIMERIC READS:
                       Number of chimeric reads |	0
                            % of chimeric reads |	0.00%
