                                 Started job on |	Mar 05 17:30:25
                             Started mapping on |	Mar 05 17:30:59
                                    Finished on |	Mar 05 17:34:03
       Mapping speed, Million of reads per hour |	584.08

                          Number of input reads |	29852886
                      Average input read length |	49
                                    UNIQUE READS:
                   Uniquely mapped reads number |	27049910
                        Uniquely mapped reads % |	90.61%
                          Average mapped length |	49.41
                       Number of splices: Total |	2658816
            Number of splices: Annotated (sjdb) |	0
                       Number of splices: GT/AG |	2637019
                       Number of splices: GC/AG |	16426
                       Number of splices: AT/AC |	453
               Number of splices: Non-canonical |	4918
                      Mismatch rate per base, % |	0.35%
                         Deletion rate per base |	0.00%
                        Deletion average length |	1.49
                        Insertion rate per base |	0.00%
                       Insertion average length |	1.34
                             MULTI-MAPPING READS:
        Number of reads mapped to multiple loci |	2469111
             % of reads mapped to multiple loci |	8.27%
        Number of reads mapped to too many loci |	123100
             % of reads mapped to too many loci |	0.41%
                                  UNMAPPED READS:
  Number of reads unmapped: too many mismatches |	0
       % of reads unmapped: too many mismatches |	0.00%
            Number of reads unmapped: too short |	127922
                 % of reads unmapped: too short |	0.43%
                Number of reads unmapped: other |	82843
                     % of reads unmapped: other |	0.28%
                                  CHIMERIC READS:
                       Number of chimeric reads |	0
                            % of chimeric reads |	0.00%
